# JRE version: OpenJDK Runtime Environment (8.0_152-b06) (build 1.8.0_152-release-1136-b06)
# Java VM: OpenJDK 64-Bit Server VM (25.152-b06 mixed mode windows-amd64 compressed oops)
Heap:
 PSYoungGen      total 110080K, used 48445K [0x00000000e0000000, 0x00000000e7d80000, 0x0000000100000000)
  eden space 101888K, 39% used [0x00000000e0000000,0x00000000e279deb0,0x00000000e6380000)
  from space 8192K, 96% used [0x00000000e7580000,0x00000000e7d318e0,0x00000000e7d80000)
  to   space 10752K, 0% used [0x00000000e6880000,0x00000000e6880000,0x00000000e7300000)
 ParOldGen       total 90624K, used 14877K [0x00000000a0000000, 0x00000000a5880000, 0x00000000e0000000)
  object space 90624K, 16% used [0x00000000a0000000,0x00000000a0e875c0,0x00000000a5880000)
 Metaspace       used 41832K, capacity 42639K, committed 42840K, reserved 1085440K
  class space    used 5646K, capacity 5901K, committed 6016K, reserved 1048576K
GC Heap History (10 events):
Event: 13.425 GC heap before
{Heap before GC invocations=8 (full 1):
 PSYoungGen      total 56320K, used 56092K [0x00000000e0000000, 0x00000000e4f00000, 0x0000000100000000)
  eden space 52224K, 100% used [0x00000000e0000000,0x00000000e3300000,0x00000000e3300000)
  from space 4096K, 94% used [0x00000000e4b00000,0x00000000e4ec7100,0x00000000e4f00000)
  to   space 10240K, 0% used [0x00000000e3b00000,0x00000000e3b00000,0x00000000e4500000)
 ParOldGen       total 60416K, used 8394K [0x00000000a0000000, 0x00000000a3b00000, 0x00000000e0000000)
  object space 60416K, 13% used [0x00000000a0000000,0x00000000a08329a0,0x00000000a3b00000)
 Metaspace       used 27797K, capacity 28216K, committed 28416K, reserved 1073152K
  class space    used 3876K, capacity 4023K, committed 4096K, reserved 1048576K
Event: 13.443 GC heap after
Heap after GC invocations=8 (full 1):
 PSYoungGen      total 70656K, used 6453K [0x00000000e0000000, 0x00000000e6200000, 0x0000000100000000)
  eden space 60416K, 0% used [0x00000000e0000000,0x00000000e0000000,0x00000000e3b00000)
  from space 10240K, 63% used [0x00000000e3b00000,0x00000000e414d608,0x00000000e4500000)
  to   space 9728K, 0% used [0x00000000e5880000,0x00000000e5880000,0x00000000e6200000)
 ParOldGen       total 60416K, used 8402K [0x00000000a0000000, 0x00000000a3b00000, 0x00000000e0000000)
  object space 60416K, 13% used [0x00000000a0000000,0x00000000a08349a0,0x00000000a3b00000)
 Metaspace       used 27797K, capacity 28216K, committed 28416K, reserved 1073152K
  class space    used 3876K, capacity 4023K, committed 4096K, reserved 1048576K
}
Event: 17.782 GC heap before
{Heap before GC invocations=9 (full 1):
 PSYoungGen      total 70656K, used 66869K [0x00000000e0000000, 0x00000000e6200000, 0x0000000100000000)
  eden space 60416K, 100% used [0x00000000e0000000,0x00000000e3b00000,0x00000000e3b00000)
  from space 10240K, 63% used [0x00000000e3b00000,0x00000000e414d608,0x00000000e4500000)
  to   space 9728K, 0% used [0x00000000e5880000,0x00000000e5880000,0x00000000e6200000)
 ParOldGen       total 60416K, used 8402K [0x00000000a0000000, 0x00000000a3b00000, 0x00000000e0000000)
  object space 60416K, 13% used [0x00000000a0000000,0x00000000a08349a0,0x00000000a3b00000)
 Metaspace       used 32367K, capacity 32926K, committed 33152K, reserved 1077248K
  class space    used 4524K, capacity 4700K, committed 4736K, reserved 1048576K
Event: 17.817 GC heap after
Heap after GC invocations=9 (full 1):
 PSYoungGen      total 89088K, used 9705K [0x00000000e0000000, 0x00000000e7080000, 0x0000000100000000)
  eden space 79360K, 0% used [0x00000000e0000000,0x00000000e0000000,0x00000000e4d80000)
  from space 9728K, 99% used [0x00000000e5880000,0x00000000e61fa6e8,0x00000000e6200000)
  to   space 11264K, 0% used [0x00000000e4d80000,0x00000000e4d80000,0x00000000e5880000)
 ParOldGen       total 60416K, used 8410K [0x00000000a0000000, 0x00000000a3b00000, 0x00000000e0000000)
  object space 60416K, 13% used [0x00000000a0000000,0x00000000a08369a0,0x00000000a3b00000)
 Metaspace       used 32367K, capacity 32926K, committed 33152K, reserved 1077248K
  class space    used 4524K, capacity 4700K, committed 4736K, reserved 1048576K
}
Event: 18.549 GC heap before
{Heap before GC invocations=10 (full 1):
 PSYoungGen      total 89088K, used 24328K [0x00000000e0000000, 0x00000000e7080000, 0x0000000100000000)
  eden space 79360K, 18% used [0x00000000e0000000,0x00000000e0e47920,0x00000000e4d80000)
  from space 9728K, 99% used [0x00000000e5880000,0x00000000e61fa6e8,0x00000000e6200000)
  to   space 11264K, 0% used [0x00000000e4d80000,0x00000000e4d80000,0x00000000e5880000)
 ParOldGen       total 60416K, used 8410K [0x00000000a0000000, 0x00000000a3b00000, 0x00000000e0000000)
  object space 60416K, 13% used [0x00000000a0000000,0x00000000a08369a0,0x00000000a3b00000)
 Metaspace       used 34851K, capacity 35397K, committed 35416K, reserved 1079296K
  class space    used 4817K, capacity 4992K, committed 4992K, reserved 1048576K
Event: 18.575 GC heap after
Heap after GC invocations=10 (full 1):
 PSYoungGen      total 90624K, used 6654K [0x00000000e0000000, 0x00000000e8000000, 0x0000000100000000)
  eden space 79360K, 0% used [0x00000000e0000000,0x00000000e0000000,0x00000000e4d80000)
  from space 11264K, 59% used [0x00000000e4d80000,0x00000000e53ff958,0x00000000e5880000)
  to   space 10752K, 0% used [0x00000000e7580000,0x00000000e7580000,0x00000000e8000000)
 ParOldGen       total 60416K, used 10018K [0x00000000a0000000, 0x00000000a3b00000, 0x00000000e0000000)
  object space 60416K, 16% used [0x00000000a0000000,0x00000000a09c8a40,0x00000000a3b00000)
 Metaspace       used 34851K, capacity 35397K, committed 35416K, reserved 1079296K
  class space    used 4817K, capacity 4992K, committed 4992K, reserved 1048576K
}
Event: 18.575 GC heap before
{Heap before GC invocations=11 (full 2):
 PSYoungGen      total 90624K, used 6654K [0x00000000e0000000, 0x00000000e8000000, 0x0000000100000000)
  eden space 79360K, 0% used [0x00000000e0000000,0x00000000e0000000,0x00000000e4d80000)
  from space 11264K, 59% used [0x00000000e4d80000,0x00000000e53ff958,0x00000000e5880000)
  to   space 10752K, 0% used [0x00000000e7580000,0x00000000e7580000,0x00000000e8000000)
 ParOldGen       total 60416K, used 10018K [0x00000000a0000000, 0x00000000a3b00000, 0x00000000e0000000)
  object space 60416K, 16% used [0x00000000a0000000,0x00000000a09c8a40,0x00000000a3b00000)
 Metaspace       used 34851K, capacity 35397K, committed 35416K, reserved 1079296K
  class space    used 4817K, capacity 4992K, committed 4992K, reserved 1048576K
Event: 18.791 GC heap after
Heap after GC invocations=11 (full 2):
 PSYoungGen      total 90624K, used 0K [0x00000000e0000000, 0x00000000e8000000, 0x0000000100000000)
  eden space 79360K, 0% used [0x00000000e0000000,0x00000000e0000000,0x00000000e4d80000)
  from space 11264K, 0% used [0x00000000e4d80000,0x00000000e4d80000,0x00000000e5880000)
  to   space 10752K, 0% used [0x00000000e7580000,0x00000000e7580000,0x00000000e8000000)
 ParOldGen       total 90624K, used 14869K [0x00000000a0000000, 0x00000000a5880000, 0x00000000e0000000)
  object space 90624K, 16% used [0x00000000a0000000,0x00000000a0e855c0,0x00000000a5880000)
 Metaspace       used 34851K, capacity 35397K, committed 35416K, reserved 1079296K
  class space    used 4817K, capacity 4992K, committed 4992K, reserved 1048576K
}
Event: 21.601 GC heap before
{Heap before GC invocations=12 (full 2):
 PSYoungGen      total 90624K, used 79360K [0x00000000e0000000, 0x00000000e8000000, 0x0000000100000000)
  eden space 79360K, 100% used [0x00000000e0000000,0x00000000e4d80000,0x00000000e4d80000)
  from space 11264K, 0% used [0x00000000e4d80000,0x00000000e4d80000,0x00000000e5880000)
  to   space 10752K, 0% used [0x00000000e7580000,0x00000000e7580000,0x00000000e8000000)
 ParOldGen       total 90624K, used 14869K [0x00000000a0000000, 0x00000000a5880000, 0x00000000e0000000)
  object space 90624K, 16% used [0x00000000a0000000,0x00000000a0e855c0,0x00000000a5880000)
 Metaspace       used 39437K, capacity 40037K, committed 40152K, reserved 1083392K
  class space    used 5377K, capacity 5595K, committed 5632K, reserved 1048576K
Event: 21.635 GC heap after
Heap after GC invocations=12 (full 2):
 PSYoungGen      total 110080K, used 7878K [0x00000000e0000000, 0x00000000e7d80000, 0x0000000100000000)
  eden space 101888K, 0% used [0x00000000e0000000,0x00000000e0000000,0x00000000e6380000)
  from space 8192K, 96% used [0x00000000e7580000,0x00000000e7d318e0,0x00000000e7d80000)
  to   space 10752K, 0% used [0x00000000e6880000,0x00000000e6880000,0x00000000e7300000)
 ParOldGen       total 90624K, used 14877K [0x00000000a0000000, 0x00000000a5880000, 0x00000000e0000000)
  object space 90624K, 16% used [0x00000000a0000000,0x00000000a0e875c0,0x00000000a5880000)
 Metaspace       used 39437K, capacity 40037K, committed 40152K, reserved 1083392K
  class space    used 5377K, capacity 5595K, committed 5632K, reserved 1048576K
}

