# JRE version: OpenJDK Runtime Environment (8.0_152-b06) (build 1.8.0_152-release-1136-b06)
# Java VM: OpenJDK 64-Bit Server VM (25.152-b06 mixed mode windows-amd64 compressed oops)
Heap:
 PSYoungGen      total 59904K, used 32124K [0x00000000e0000000, 0x00000000e5880000, 0x0000000100000000)
  eden space 50176K, 64% used [0x00000000e0000000,0x00000000e1f5f180,0x00000000e3100000)
  from space 9728K, 0% used [0x00000000e3b00000,0x00000000e3b00000,0x00000000e4480000)
  to   space 10240K, 0% used [0x00000000e3100000,0x00000000e3100000,0x00000000e3b00000)
 ParOldGen       total 61952K, used 14508K [0x00000000a0000000, 0x00000000a3c80000, 0x00000000e0000000)
  object space 61952K, 23% used [0x00000000a0000000,0x00000000a0e2b050,0x00000000a3c80000)
 Metaspace       used 36956K, capacity 37655K, committed 37848K, reserved 1083392K
  class space    used 5059K, capacity 5298K, committed 5376K, reserved 1048576K
GC Heap History (10 events):
Event: 35.999 GC heap before
{Heap before GC invocations=8 (full 1):
 PSYoungGen      total 43008K, used 36613K [0x00000000e0000000, 0x00000000e4500000, 0x0000000100000000)
  eden space 32768K, 100% used [0x00000000e0000000,0x00000000e2000000,0x00000000e2000000)
  from space 10240K, 37% used [0x00000000e2a00000,0x00000000e2dc1598,0x00000000e3400000)
  to   space 10240K, 0% used [0x00000000e2000000,0x00000000e2000000,0x00000000e2a00000)
 ParOldGen       total 61952K, used 8288K [0x00000000a0000000, 0x00000000a3c80000, 0x00000000e0000000)
  object space 61952K, 13% used [0x00000000a0000000,0x00000000a0818018,0x00000000a3c80000)
 Metaspace       used 26655K, capacity 27090K, committed 27392K, reserved 1073152K
  class space    used 3638K, capacity 3797K, committed 3840K, reserved 1048576K
Event: 36.019 GC heap after
Heap after GC invocations=8 (full 1):
 PSYoungGen      total 43008K, used 5066K [0x00000000e0000000, 0x00000000e4480000, 0x0000000100000000)
  eden space 32768K, 0% used [0x00000000e0000000,0x00000000e0000000,0x00000000e2000000)
  from space 10240K, 49% used [0x00000000e2000000,0x00000000e24f2b18,0x00000000e2a00000)
  to   space 9728K, 0% used [0x00000000e3b00000,0x00000000e3b00000,0x00000000e4480000)
 ParOldGen       total 61952K, used 8296K [0x00000000a0000000, 0x00000000a3c80000, 0x00000000e0000000)
  object space 61952K, 13% used [0x00000000a0000000,0x00000000a081a018,0x00000000a3c80000)
 Metaspace       used 26655K, capacity 27090K, committed 27392K, reserved 1073152K
  class space    used 3638K, capacity 3797K, committed 3840K, reserved 1048576K
}
Event: 39.605 GC heap before
{Heap before GC invocations=9 (full 1):
 PSYoungGen      total 43008K, used 37834K [0x00000000e0000000, 0x00000000e4480000, 0x0000000100000000)
  eden space 32768K, 100% used [0x00000000e0000000,0x00000000e2000000,0x00000000e2000000)
  from space 10240K, 49% used [0x00000000e2000000,0x00000000e24f2b18,0x00000000e2a00000)
  to   space 9728K, 0% used [0x00000000e3b00000,0x00000000e3b00000,0x00000000e4480000)
 ParOldGen       total 61952K, used 8296K [0x00000000a0000000, 0x00000000a3c80000, 0x00000000e0000000)
  object space 61952K, 13% used [0x00000000a0000000,0x00000000a081a018,0x00000000a3c80000)
 Metaspace       used 28563K, capacity 28984K, committed 29312K, reserved 1075200K
  class space    used 3983K, capacity 4151K, committed 4224K, reserved 1048576K
Event: 39.635 GC heap after
Heap after GC invocations=9 (full 1):
 PSYoungGen      total 60416K, used 5950K [0x00000000e0000000, 0x00000000e4500000, 0x0000000100000000)
  eden space 50688K, 0% used [0x00000000e0000000,0x00000000e0000000,0x00000000e3180000)
  from space 9728K, 61% used [0x00000000e3b00000,0x00000000e40cfb48,0x00000000e4480000)
  to   space 9728K, 0% used [0x00000000e3180000,0x00000000e3180000,0x00000000e3b00000)
 ParOldGen       total 61952K, used 8304K [0x00000000a0000000, 0x00000000a3c80000, 0x00000000e0000000)
  object space 61952K, 13% used [0x00000000a0000000,0x00000000a081c018,0x00000000a3c80000)
 Metaspace       used 28563K, capacity 28984K, committed 29312K, reserved 1075200K
  class space    used 3983K, capacity 4151K, committed 4224K, reserved 1048576K
}
Event: 77.222 GC heap before
{Heap before GC invocations=10 (full 1):
 PSYoungGen      total 60416K, used 56638K [0x00000000e0000000, 0x00000000e4500000, 0x0000000100000000)
  eden space 50688K, 100% used [0x00000000e0000000,0x00000000e3180000,0x00000000e3180000)
  from space 9728K, 61% used [0x00000000e3b00000,0x00000000e40cfb48,0x00000000e4480000)
  to   space 9728K, 0% used [0x00000000e3180000,0x00000000e3180000,0x00000000e3b00000)
 ParOldGen       total 61952K, used 8304K [0x00000000a0000000, 0x00000000a3c80000, 0x00000000e0000000)
  object space 61952K, 13% used [0x00000000a0000000,0x00000000a081c018,0x00000000a3c80000)
 Metaspace       used 33402K, capacity 33968K, committed 34048K, reserved 1079296K
  class space    used 4656K, capacity 4856K, committed 4864K, reserved 1048576K
Event: 77.277 GC heap after
Heap after GC invocations=10 (full 1):
 PSYoungGen      total 60416K, used 9609K [0x00000000e0000000, 0x00000000e4500000, 0x0000000100000000)
  eden space 50688K, 0% used [0x00000000e0000000,0x00000000e0000000,0x00000000e3180000)
  from space 9728K, 98% used [0x00000000e3180000,0x00000000e3ae2430,0x00000000e3b00000)
  to   space 9728K, 0% used [0x00000000e3b00000,0x00000000e3b00000,0x00000000e4480000)
 ParOldGen       total 61952K, used 8312K [0x00000000a0000000, 0x00000000a3c80000, 0x00000000e0000000)
  object space 61952K, 13% used [0x00000000a0000000,0x00000000a081e018,0x00000000a3c80000)
 Metaspace       used 33402K, capacity 33968K, committed 34048K, reserved 1079296K
  class space    used 4656K, capacity 4856K, committed 4864K, reserved 1048576K
}
Event: 78.251 GC heap before
{Heap before GC invocations=11 (full 1):
 PSYoungGen      total 60416K, used 19301K [0x00000000e0000000, 0x00000000e4500000, 0x0000000100000000)
  eden space 50688K, 19% used [0x00000000e0000000,0x00000000e09772d0,0x00000000e3180000)
  from space 9728K, 98% used [0x00000000e3180000,0x00000000e3ae2430,0x00000000e3b00000)
  to   space 9728K, 0% used [0x00000000e3b00000,0x00000000e3b00000,0x00000000e4480000)
 ParOldGen       total 61952K, used 8312K [0x00000000a0000000, 0x00000000a3c80000, 0x00000000e0000000)
  object space 61952K, 13% used [0x00000000a0000000,0x00000000a081e018,0x00000000a3c80000)
 Metaspace       used 34848K, capacity 35397K, committed 35416K, reserved 1079296K
  class space    used 4807K, capacity 4992K, committed 4992K, reserved 1048576K
Event: 78.271 GC heap after
Heap after GC invocations=11 (full 1):
 PSYoungGen      total 59904K, used 6336K [0x00000000e0000000, 0x00000000e5880000, 0x0000000100000000)
  eden space 50176K, 0% used [0x00000000e0000000,0x00000000e0000000,0x00000000e3100000)
  from space 9728K, 65% used [0x00000000e3b00000,0x00000000e41300a0,0x00000000e4480000)
  to   space 10240K, 0% used [0x00000000e3100000,0x00000000e3100000,0x00000000e3b00000)
 ParOldGen       total 61952K, used 10032K [0x00000000a0000000, 0x00000000a3c80000, 0x00000000e0000000)
  object space 61952K, 16% used [0x00000000a0000000,0x00000000a09cc098,0x00000000a3c80000)
 Metaspace       used 34848K, capacity 35397K, committed 35416K, reserved 1079296K
  class space    used 4807K, capacity 4992K, committed 4992K, reserved 1048576K
}
Event: 78.271 GC heap before
{Heap before GC invocations=12 (full 2):
 PSYoungGen      total 59904K, used 6336K [0x00000000e0000000, 0x00000000e5880000, 0x0000000100000000)
  eden space 50176K, 0% used [0x00000000e0000000,0x00000000e0000000,0x00000000e3100000)
  from space 9728K, 65% used [0x00000000e3b00000,0x00000000e41300a0,0x00000000e4480000)
  to   space 10240K, 0% used [0x00000000e3100000,0x00000000e3100000,0x00000000e3b00000)
 ParOldGen       total 61952K, used 10032K [0x00000000a0000000, 0x00000000a3c80000, 0x00000000e0000000)
  object space 61952K, 16% used [0x00000000a0000000,0x00000000a09cc098,0x00000000a3c80000)
 Metaspace       used 34848K, capacity 35397K, committed 35416K, reserved 1079296K
  class space    used 4807K, capacity 4992K, committed 4992K, reserved 1048576K
Event: 78.510 GC heap after
Heap after GC invocations=12 (full 2):
 PSYoungGen      total 59904K, used 0K [0x00000000e0000000, 0x00000000e5880000, 0x0000000100000000)
  eden space 50176K, 0% used [0x00000000e0000000,0x00000000e0000000,0x00000000e3100000)
  from space 9728K, 0% used [0x00000000e3b00000,0x00000000e3b00000,0x00000000e4480000)
  to   space 10240K, 0% used [0x00000000e3100000,0x00000000e3100000,0x00000000e3b00000)
 ParOldGen       total 61952K, used 14508K [0x00000000a0000000, 0x00000000a3c80000, 0x00000000e0000000)
  object space 61952K, 23% used [0x00000000a0000000,0x00000000a0e2b050,0x00000000a3c80000)
 Metaspace       used 34848K, capacity 35397K, committed 35416K, reserved 1079296K
  class space    used 4807K, capacity 4992K, committed 4992K, reserved 1048576K
}

