# JRE version: OpenJDK Runtime Environment (8.0_152-b06) (build 1.8.0_152-release-1136-b06)
# Java VM: OpenJDK 64-Bit Server VM (25.152-b06 mixed mode windows-amd64 compressed oops)
Heap:
 PSYoungGen      total 116224K, used 70970K [0x00000000e0000000, 0x00000000e8080000, 0x0000000100000000)
  eden space 108032K, 58% used [0x00000000e0000000,0x00000000e3d6f3b8,0x00000000e6980000)
  from space 8192K, 98% used [0x00000000e7880000,0x00000000e805f498,0x00000000e8080000)
  to   space 11264K, 0% used [0x00000000e6a80000,0x00000000e6a80000,0x00000000e7580000)
 ParOldGen       total 91136K, used 15025K [0x00000000a0000000, 0x00000000a5900000, 0x00000000e0000000)
  object space 91136K, 16% used [0x00000000a0000000,0x00000000a0eac490,0x00000000a5900000)
 Metaspace       used 44228K, capacity 45083K, committed 45272K, reserved 1087488K
  class space    used 6029K, capacity 6317K, committed 6400K, reserved 1048576K
GC Heap History (10 events):
Event: 21.639 GC heap before
{Heap before GC invocations=8 (full 1):
 PSYoungGen      total 53248K, used 53084K [0x00000000e0000000, 0x00000000e4f00000, 0x0000000100000000)
  eden space 49152K, 100% used [0x00000000e0000000,0x00000000e3000000,0x00000000e3000000)
  from space 4096K, 96% used [0x00000000e4b00000,0x00000000e4ed7100,0x00000000e4f00000)
  to   space 10240K, 0% used [0x00000000e3b00000,0x00000000e3b00000,0x00000000e4500000)
 ParOldGen       total 63488K, used 8374K [0x00000000a0000000, 0x00000000a3e00000, 0x00000000e0000000)
  object space 63488K, 13% used [0x00000000a0000000,0x00000000a082dab0,0x00000000a3e00000)
 Metaspace       used 27664K, capacity 28088K, committed 28288K, reserved 1073152K
  class space    used 3837K, capacity 3959K, committed 3968K, reserved 1048576K
Event: 22.004 GC heap after
Heap after GC invocations=8 (full 1):
 PSYoungGen      total 70656K, used 6189K [0x00000000e0000000, 0x00000000e6380000, 0x0000000100000000)
  eden space 60416K, 0% used [0x00000000e0000000,0x00000000e0000000,0x00000000e3b00000)
  from space 10240K, 60% used [0x00000000e3b00000,0x00000000e410b638,0x00000000e4500000)
  to   space 9728K, 0% used [0x00000000e5a00000,0x00000000e5a00000,0x00000000e6380000)
 ParOldGen       total 63488K, used 8374K [0x00000000a0000000, 0x00000000a3e00000, 0x00000000e0000000)
  object space 63488K, 13% used [0x00000000a0000000,0x00000000a082dab0,0x00000000a3e00000)
 Metaspace       used 27664K, capacity 28088K, committed 28288K, reserved 1073152K
  class space    used 3837K, capacity 3959K, committed 3968K, reserved 1048576K
}
Event: 29.080 GC heap before
{Heap before GC invocations=9 (full 1):
 PSYoungGen      total 70656K, used 66605K [0x00000000e0000000, 0x00000000e6380000, 0x0000000100000000)
  eden space 60416K, 100% used [0x00000000e0000000,0x00000000e3b00000,0x00000000e3b00000)
  from space 10240K, 60% used [0x00000000e3b00000,0x00000000e410b638,0x00000000e4500000)
  to   space 9728K, 0% used [0x00000000e5a00000,0x00000000e5a00000,0x00000000e6380000)
 ParOldGen       total 63488K, used 8374K [0x00000000a0000000, 0x00000000a3e00000, 0x00000000e0000000)
  object space 63488K, 13% used [0x00000000a0000000,0x00000000a082dab0,0x00000000a3e00000)
 Metaspace       used 31266K, capacity 31710K, committed 32000K, reserved 1077248K
  class space    used 4371K, capacity 4528K, committed 4608K, reserved 1048576K
Event: 29.125 GC heap after
Heap after GC invocations=9 (full 1):
 PSYoungGen      total 91136K, used 9479K [0x00000000e0000000, 0x00000000e7500000, 0x0000000100000000)
  eden space 81408K, 0% used [0x00000000e0000000,0x00000000e0000000,0x00000000e4f80000)
  from space 9728K, 97% used [0x00000000e5a00000,0x00000000e6341fe0,0x00000000e6380000)
  to   space 10752K, 0% used [0x00000000e4f80000,0x00000000e4f80000,0x00000000e5a00000)
 ParOldGen       total 63488K, used 8382K [0x00000000a0000000, 0x00000000a3e00000, 0x00000000e0000000)
  object space 63488K, 13% used [0x00000000a0000000,0x00000000a082fab0,0x00000000a3e00000)
 Metaspace       used 31266K, capacity 31710K, committed 32000K, reserved 1077248K
  class space    used 4371K, capacity 4528K, committed 4608K, reserved 1048576K
}
Event: 30.463 GC heap before
{Heap before GC invocations=10 (full 1):
 PSYoungGen      total 91136K, used 24468K [0x00000000e0000000, 0x00000000e7500000, 0x0000000100000000)
  eden space 81408K, 18% used [0x00000000e0000000,0x00000000e0ea3038,0x00000000e4f80000)
  from space 9728K, 97% used [0x00000000e5a00000,0x00000000e6341fe0,0x00000000e6380000)
  to   space 10752K, 0% used [0x00000000e4f80000,0x00000000e4f80000,0x00000000e5a00000)
 ParOldGen       total 63488K, used 8382K [0x00000000a0000000, 0x00000000a3e00000, 0x00000000e0000000)
  object space 63488K, 13% used [0x00000000a0000000,0x00000000a082fab0,0x00000000a3e00000)
 Metaspace       used 34846K, capacity 35397K, committed 35416K, reserved 1079296K
  class space    used 4815K, capacity 4992K, committed 4992K, reserved 1048576K
Event: 30.494 GC heap after
Heap after GC invocations=10 (full 1):
 PSYoungGen      total 92160K, used 8434K [0x00000000e0000000, 0x00000000e8380000, 0x0000000100000000)
  eden space 81408K, 0% used [0x00000000e0000000,0x00000000e0000000,0x00000000e4f80000)
  from space 10752K, 78% used [0x00000000e4f80000,0x00000000e57bc968,0x00000000e5a00000)
  to   space 11264K, 0% used [0x00000000e7880000,0x00000000e7880000,0x00000000e8380000)
 ParOldGen       total 63488K, used 8390K [0x00000000a0000000, 0x00000000a3e00000, 0x00000000e0000000)
  object space 63488K, 13% used [0x00000000a0000000,0x00000000a0831ab0,0x00000000a3e00000)
 Metaspace       used 34846K, capacity 35397K, committed 35416K, reserved 1079296K
  class space    used 4815K, capacity 4992K, committed 4992K, reserved 1048576K
}
Event: 30.495 GC heap before
{Heap before GC invocations=11 (full 2):
 PSYoungGen      total 92160K, used 8434K [0x00000000e0000000, 0x00000000e8380000, 0x0000000100000000)
  eden space 81408K, 0% used [0x00000000e0000000,0x00000000e0000000,0x00000000e4f80000)
  from space 10752K, 78% used [0x00000000e4f80000,0x00000000e57bc968,0x00000000e5a00000)
  to   space 11264K, 0% used [0x00000000e7880000,0x00000000e7880000,0x00000000e8380000)
 ParOldGen       total 63488K, used 8390K [0x00000000a0000000, 0x00000000a3e00000, 0x00000000e0000000)
  object space 63488K, 13% used [0x00000000a0000000,0x00000000a0831ab0,0x00000000a3e00000)
 Metaspace       used 34846K, capacity 35397K, committed 35416K, reserved 1079296K
  class space    used 4815K, capacity 4992K, committed 4992K, reserved 1048576K
Event: 30.794 GC heap after
Heap after GC invocations=11 (full 2):
 PSYoungGen      total 92160K, used 0K [0x00000000e0000000, 0x00000000e8380000, 0x0000000100000000)
  eden space 81408K, 0% used [0x00000000e0000000,0x00000000e0000000,0x00000000e4f80000)
  from space 10752K, 0% used [0x00000000e4f80000,0x00000000e4f80000,0x00000000e5a00000)
  to   space 11264K, 0% used [0x00000000e7880000,0x00000000e7880000,0x00000000e8380000)
 ParOldGen       total 91136K, used 15017K [0x00000000a0000000, 0x00000000a5900000, 0x00000000e0000000)
  object space 91136K, 16% used [0x00000000a0000000,0x00000000a0eaa490,0x00000000a5900000)
 Metaspace       used 34846K, capacity 35397K, committed 35416K, reserved 1079296K
  class space    used 4815K, capacity 4992K, committed 4992K, reserved 1048576K
}
Event: 36.805 GC heap before
{Heap before GC invocations=12 (full 2):
 PSYoungGen      total 92160K, used 81408K [0x00000000e0000000, 0x00000000e8380000, 0x0000000100000000)
  eden space 81408K, 100% used [0x00000000e0000000,0x00000000e4f80000,0x00000000e4f80000)
  from space 10752K, 0% used [0x00000000e4f80000,0x00000000e4f80000,0x00000000e5a00000)
  to   space 11264K, 0% used [0x00000000e7880000,0x00000000e7880000,0x00000000e8380000)
 ParOldGen       total 91136K, used 15017K [0x00000000a0000000, 0x00000000a5900000, 0x00000000e0000000)
  object space 91136K, 16% used [0x00000000a0000000,0x00000000a0eaa490,0x00000000a5900000)
 Metaspace       used 39603K, capacity 40291K, committed 40536K, reserved 1083392K
  class space    used 5407K, capacity 5640K, committed 5760K, reserved 1048576K
Event: 36.851 GC heap after
Heap after GC invocations=12 (full 2):
 PSYoungGen      total 116224K, used 8061K [0x00000000e0000000, 0x00000000e8080000, 0x0000000100000000)
  eden space 108032K, 0% used [0x00000000e0000000,0x00000000e0000000,0x00000000e6980000)
  from space 8192K, 98% used [0x00000000e7880000,0x00000000e805f498,0x00000000e8080000)
  to   space 11264K, 0% used [0x00000000e6a80000,0x00000000e6a80000,0x00000000e7580000)
 ParOldGen       total 91136K, used 15025K [0x00000000a0000000, 0x00000000a5900000, 0x00000000e0000000)
  object space 91136K, 16% used [0x00000000a0000000,0x00000000a0eac490,0x00000000a5900000)
 Metaspace       used 39603K, capacity 40291K, committed 40536K, reserved 1083392K
  class space    used 5407K, capacity 5640K, committed 5760K, reserved 1048576K
}

